<?xml version="1.0" encoding="UTF-8"?>
<!-- Generated by org.testng.reporters.JUnitXMLReporter -->
<testsuite hostname="GRID_PC" ignored="3" tests="0" failures="0" timestamp="2022-01-11T18:03:04 EET" time="0.0" errors="0">
  <testcase name="testWorkFirst" time="0.0" classname="org.lessonHW16.TestOne">
    <ignored/>
  </testcase> <!-- testWorkFirst -->
  <testcase name="testCase1" time="0.0" classname="org.lessonHW16.TestOne">
    <ignored/>
  </testcase> <!-- testCase1 -->
  <testcase name="testCase2" time="0.0" classname="org.lessonHW16.TestOne">
    <ignored/>
  </testcase> <!-- testCase2 -->
</testsuite>
