<?xml version="1.0" encoding="UTF-8"?>
<!-- Generated by org.testng.reporters.JUnitXMLReporter -->
<testsuite hostname="GRID_PC" ignored="2" name="Regression1" tests="1" failures="0" timestamp="2022-01-11T18:03:04 EET" time="0.004" errors="0">
  <testcase name="testCase7" time="0.001" classname="org.lessonHW16.TestThree"/>
  <testcase name="testCase6" time="0.0" classname="org.lessonHW16.TestThree">
    <ignored/>
  </testcase> <!-- testCase6 -->
  <testcase name="testCase8" time="0.0" classname="org.lessonHW16.TestThree">
    <ignored/>
  </testcase> <!-- testCase8 -->
</testsuite> <!-- Regression1 -->
