<?xml version="1.0" encoding="UTF-8"?>
<!-- Generated by org.testng.reporters.JUnitXMLReporter -->
<testsuite hostname="GRID_PC" ignored="5" name="Smoke" tests="1" failures="0" timestamp="2022-01-11T18:03:04 EET" time="0.048" errors="0">
  <testcase name="testCase4" time="0.005" classname="org.lessonHW16.TestTwo"/>
  <testcase name="testWorkFirst" time="0.0" classname="org.lessonHW16.TestOne">
    <ignored/>
  </testcase> <!-- testWorkFirst -->
  <testcase name="testCase5" time="0.0" classname="org.lessonHW16.TestTwo">
    <ignored/>
  </testcase> <!-- testCase5 -->
  <testcase name="testCase1" time="0.0" classname="org.lessonHW16.TestOne">
    <ignored/>
  </testcase> <!-- testCase1 -->
  <testcase name="testCase3" time="0.0" classname="org.lessonHW16.TestTwo">
    <ignored/>
  </testcase> <!-- testCase3 -->
  <testcase name="testCase2" time="0.0" classname="org.lessonHW16.TestOne">
    <ignored/>
  </testcase> <!-- testCase2 -->
</testsuite> <!-- Smoke -->
