<?xml version="1.0" encoding="UTF-8"?>
<testsuite xmlns:xsi="http://www.w3.org/2001/XMLSchema-instance" xsi:noNamespaceSchemaLocation="https://maven.apache.org/surefire/maven-surefire-plugin/xsd/surefire-test-report-3.0.xsd" version="3.0" name="TestSuite" time="0.829" tests="2" errors="0" skipped="0" failures="0">
  <properties>
[...]
</properties>
  <testcase name="testCase4" classname="org.lessonHW16.TestTwo" time="0.006">
    <system-out><![CDATA[in test case 4 (smoke)
]]></system-out>
  </testcase>
  <testcase name="testCase7" classname="org.lessonHW16.TestThree" time="0.001">
    <system-out><![CDATA[in test case 7 (smoke)
]]></system-out>
  </testcase>
</testsuite>