<?xml version="1.0" encoding="UTF-8"?>
<testng-results skipped="0" failed="0" ignored="10" total="12" passed="2">
  <reporter-output>
  </reporter-output>
  <suite name="Suite1" duration-ms="86" started-at="2022-01-11T18:03:04 EET" finished-at="2022-01-11T18:03:04 EET">
    <groups>
      <group name="smoke">
        <method signature="TestTwo.testCase4()[pri:0, instance:org.lessonHW16.TestTwo@6536e911]" name="testCase4" class="org.lessonHW16.TestTwo"/>
        <method signature="TestThree.testCase7()[pri:0, instance:org.lessonHW16.TestThree@4973813a]" name="testCase7" class="org.lessonHW16.TestThree"/>
      </group> <!-- smoke -->
    </groups>
    <test name="Smoke" duration-ms="48" started-at="2022-01-11T18:03:04 EET" finished-at="2022-01-11T18:03:04 EET">
      <class name="org.lessonHW16.TestTwo">
        <test-method status="PASS" signature="testCase4()[pri:0, instance:org.lessonHW16.TestTwo@6536e911]" name="testCase4" duration-ms="5" started-at="2022-01-11T18:03:04 EET" finished-at="2022-01-11T18:03:04 EET">
          <reporter-output>
          </reporter-output>
        </test-method> <!-- testCase4 -->
      </class> <!-- org.lessonHW16.TestTwo -->
    </test> <!-- Smoke -->
    <test name="Regression1" duration-ms="4" started-at="2022-01-11T18:03:04 EET" finished-at="2022-01-11T18:03:04 EET">
      <class name="org.lessonHW16.TestThree">
        <test-method status="PASS" signature="testCase7()[pri:0, instance:org.lessonHW16.TestThree@4973813a]" name="testCase7" duration-ms="1" started-at="2022-01-11T18:03:04 EET" finished-at="2022-01-11T18:03:04 EET">
          <reporter-output>
          </reporter-output>
        </test-method> <!-- testCase7 -->
      </class> <!-- org.lessonHW16.TestThree -->
    </test> <!-- Regression1 -->
    <test name="data provider" duration-ms="0" started-at="2022-01-11T18:03:04 EET" finished-at="2022-01-11T18:03:04 EET">
    </test> <!-- data provider -->
  </suite> <!-- Suite1 -->
</testng-results>
